<?xml version="1.0" encoding="UTF-8"?>
<!-- Generated by org.testng.reporters.JUnitReportReporter -->
<testsuite hostname="Ashutosh" failures="0" tests="8" name="com.tutorialninaja.testcases.Login" time="24.260" errors="0" timestamp="2023-04-15T10:30:15 IST" skipped="0">
  <testcase classname="com.tutorialninaja.testcases.Login" name="VerifyLoginWithValidCredentials" time="2.939"/>
  <system-out/>
  <testcase classname="com.tutorialninaja.testcases.Login" name="VerifyLoginWithValidCredentials" time="3.120"/>
  <system-out/>
  <testcase classname="com.tutorialninaja.testcases.Login" name="VerifyLoginWithValidCredentials" time="2.925"/>
  <system-out/>
  <testcase classname="com.tutorialninaja.testcases.Login" name="VerifyLoginWithValidCredentials" time="2.977"/>
  <system-out/>
  <testcase classname="com.tutorialninaja.testcases.Login" name="LoginWithInvalidCred" time="3.039"/>
  <system-out/>
  <testcase classname="com.tutorialninaja.testcases.Login" name="LoginWithInvalidEmail" time="3.261"/>
  <system-out/>
  <testcase classname="com.tutorialninaja.testcases.Login" name="LoginWithInvalidPassword" time="3.113"/>
  <system-out/>
  <testcase classname="com.tutorialninaja.testcases.Login" name="LoginWithoutCred" time="2.886"/>
  <system-out/>
</testsuite> <!-- com.tutorialninaja.testcases.Login -->
