<?xml version="1.0" encoding="UTF-8"?>
<!-- Generated by org.testng.reporters.JUnitReportReporter -->
<testsuite hostname="Ashutosh" failures="0" tests="3" name="com.tutorialninaja.testcases.Search" time="7.764" errors="0" timestamp="2023-04-15T10:30:15 IST" skipped="0">
  <testcase classname="com.tutorialninaja.testcases.Search" name="verifySearchWithValidProduct" time="2.649"/>
  <system-out/>
  <testcase classname="com.tutorialninaja.testcases.Search" name="verifySearchWithoutProduct" time="2.318"/>
  <system-out/>
  <testcase classname="com.tutorialninaja.testcases.Search" name="verifySearchWithInvalidProduct" time="2.797"/>
  <system-out/>
</testsuite> <!-- com.tutorialninaja.testcases.Search -->
