<?xml version="1.0" encoding="UTF-8"?>
<!-- Generated by org.testng.reporters.JUnitReportReporter -->
<testsuite hostname="Ashutosh" failures="0" tests="4" name="com.tutorialninaja.testcases.Register" time="16.694" errors="0" timestamp="2023-04-15T10:30:15 IST" skipped="0">
  <testcase classname="com.tutorialninaja.testcases.Register" name="RegisterWithEmptyData" time="3.140"/>
  <system-out/>
  <testcase classname="com.tutorialninaja.testcases.Register" name="RegisterOnlyMandateFields" time="3.513"/>
  <system-out/>
  <testcase classname="com.tutorialninaja.testcases.Register" name="RegisterWithExistingAccount" time="6.370"/>
  <system-out/>
  <testcase classname="com.tutorialninaja.testcases.Register" name="RegisterWithAllFields" time="3.671"/>
  <system-out/>
</testsuite> <!-- com.tutorialninaja.testcases.Register -->
